Build started 2016-04-01 22:58:54.
     1>Project "E:\Gutland Liberatus\gutland-liberatus\GutlandLiberatus\GutlandLiberatus.vcxproj" on node 2 (Build target(s)).
     1>ClCompile:
         D:\Microsoft Visual Studio\VC\bin\CL.exe /c /ZI /nologo /W3 /WX- /sdl /Od /Oy- /D SFML_STATIC /D _MBCS /Gm /EHsc /RTC1 /MDd /GS /fp:precise /Zc:wchar_t /Zc:forScope /Zc:inline /Fo"Debug\\" /Fd"Debug\vc140.pdb" /Gd /TP /analyze- /errorReport:prompt GameStateSplashScreen.cpp
         GameStateSplashScreen.cpp
     1>e:\gutland liberatus\gutland-liberatus\gutlandliberatus\gamestatesplashscreen.cpp(91): warning C4244: 'argument': conversion from 'unsigned int' to 'float', possible loss of data
       Link:
         D:\Microsoft Visual Studio\VC\bin\link.exe /ERRORREPORT:PROMPT /OUT:"E:\Gutland Liberatus\gutland-liberatus\Debug\GutlandLiberatus.exe" /INCREMENTAL /NOLOGO Kengine.lib "sfml-graphics-s-d.lib" "sfml-window-s-d.lib" "sfml-system-s-d.lib" opengl32.lib freetype.lib jpeg.lib winmm.lib gdi32.lib kernel32.lib user32.lib gdi32.lib winspool.lib comdlg32.lib advapi32.lib shell32.lib ole32.lib oleaut32.lib uuid.lib odbc32.lib odbccp32.lib /MANIFEST /MANIFESTUAC:"level='asInvoker' uiAccess='false'" /manifest:embed /DEBUG:FASTLINK /PDB:"E:\Gutland Liberatus\gutland-liberatus\Debug\GutlandLiberatus.pdb" /TLBID:1 /DYNAMICBASE /NXCOMPAT /IMPLIB:"E:\Gutland Liberatus\gutland-liberatus\Debug\GutlandLiberatus.lib" /MACHINE:X86 Debug\Character.obj
         Debug\Enemy.obj
         Debug\EntityBase.obj
         Debug\EntityManager.obj
         Debug\Game.obj
         Debug\GameStateGame.obj
         Debug\GameStateIntro.obj
         Debug\GameStateMainMenu.obj
         Debug\GameStatePaused.obj
         Debug\GameStateSplashScreen.obj
         Debug\Main.obj
         Debug\Map.obj
         Debug\Player.obj
         Debug\StateManager.obj
         GutlandLiberatus.vcxproj -> E:\Gutland Liberatus\gutland-liberatus\Debug\GutlandLiberatus.exe
     1>Done Building Project "E:\Gutland Liberatus\gutland-liberatus\GutlandLiberatus\GutlandLiberatus.vcxproj" (Build target(s)).

Build succeeded.

Time Elapsed 00:00:02.88
